<?xml version="1.0" encoding="UTF-8"?>
<!-- Generated by org.testng.reporters.JUnitReportReporter -->
<testsuite hostname="DESKTOP-GJ4QAHL" failures="0" tests="1" name="Recruitment.RecruitmentTest" time="1.802" errors="0" timestamp="04 июн. 2018 16:14:20 GMT" skipped="0">
  <testcase classname="Recruitment.RecruitmentTest" name="test1" time="1.802"/>
</testsuite> <!-- Recruitment.RecruitmentTest -->
